14:29:00 **** Incremental Build of configuration Debug for project S1Jan19 ****
make all 
Building target: S1Jan19
Invoking: Cross G++ Linker
g++  -o "S1Jan19"  ./mainfile.o   
Undefined symbols for architecture x86_64:
  "_main", referenced from:
     implicit entry/start for main executable
ld: symbol(s) not found for architecture x86_64
clang: error: linker command failed with exit code 1 (use -v to see invocation)
make: *** [S1Jan19] Error 1
"make all" terminated with exit code 2. Build might be incomplete.

14:29:00 Build Failed. 2 errors, 0 warnings. (took 158ms)

