14:29:10 **** Build of configuration Debug for project tmp1 ****
make all 
Building file: ../tmp1.cpp
Invoking: Cross G++ Compiler
g++ -O0 -g3 -Wall -c -fmessage-length=0 -MMD -MP -MF"tmp1.d" -MT"tmp1.o" -o "tmp1.o" "../tmp1.cpp"
Finished building: ../tmp1.cpp
 
Building target: tmp1
Invoking: Cross G++ Linker
g++  -o "tmp1"  ./tmp1.o   
Undefined symbols for architecture x86_64:
  "_main", referenced from:
     implicit entry/start for main executable
ld: symbol(s) not found for architecture x86_64
clang: error: linker command failed with exit code 1 (use -v to see invocation)
make: *** [tmp1] Error 1
"make all" terminated with exit code 2. Build might be incomplete.

14:29:11 Build Failed. 2 errors, 0 warnings. (took 778ms)

